RUN	bookstoreSimulation	bookstoresimulation	1664534554928	 	3.8.4
USER	bookstoreSimulation	START	1664534555989
USER	bookstoreSimulation	START	1664534555989
USER	bookstoreSimulation	START	1664534555989
REQUEST		request_0	1664534555958	1664534556108	KO	status.find.in([200, 209], 304), found 400
REQUEST		request_0	1664534555960	1664534556108	KO	status.find.in([200, 209], 304), found 400
REQUEST		request_0	1664534555960	1664534556108	KO	status.find.in([200, 209], 304), found 400
REQUEST		request_2	1664534697140	1664534697274	OK	 
REQUEST		request_2	1664534697140	1664534697269	OK	 
REQUEST		request_2	1664534697140	1664534697276	OK	 
REQUEST		request_5	1664534697318	1664534697443	OK	 
REQUEST		request_10	1664534697332	1664534697503	OK	 
REQUEST		request_6	1664534697350	1664534697512	OK	 
REQUEST		request_6	1664534697350	1664534697513	OK	 
REQUEST		request_7	1664534697366	1664534697514	OK	 
REQUEST		request_8	1664534697368	1664534697518	OK	 
REQUEST		request_6	1664534697350	1664534697520	OK	 
REQUEST		request_5	1664534697318	1664534697544	OK	 
REQUEST		request_7	1664534697366	1664534697554	OK	 
REQUEST		request_7	1664534697366	1664534697555	OK	 
REQUEST		request_5	1664534697318	1664534697556	OK	 
REQUEST		request_8	1664534697368	1664534697556	OK	 
REQUEST		request_8	1664534697369	1664534697557	OK	 
REQUEST		request_10	1664534697332	1664534697559	OK	 
REQUEST		request_3	1664534697370	1664534697558	OK	 
REQUEST		request_3	1664534697369	1664534697545	OK	 
REQUEST		request_4	1664534697384	1664534697560	OK	 
REQUEST		request_9	1664534697384	1664534697563	OK	 
REQUEST		request_4	1664534697383	1664534697563	OK	 
REQUEST		request_3	1664534697369	1664534697563	OK	 
REQUEST		request_9	1664534697384	1664534697565	OK	 
REQUEST		request_4	1664534697383	1664534697565	OK	 
REQUEST		request_10	1664534697332	1664534697569	OK	 
REQUEST		request_9	1664534697384	1664534697571	OK	 
REQUEST		request_11	1664534700572	1664534700691	OK	 
REQUEST		request_11	1664534700573	1664534700694	OK	 
REQUEST		request_11	1664534700572	1664534700696	OK	 
REQUEST		request_13	1664534700803	1664534700817	OK	 
REQUEST		request_13	1664534700803	1664534700820	OK	 
REQUEST		request_13	1664534700803	1664534700821	OK	 
REQUEST		m=_b,_tp,_r	1664534700804	1664534700850	OK	 
REQUEST		request_12	1664534700805	1664534700851	OK	 
REQUEST		request_12	1664534700805	1664534700853	OK	 
REQUEST		m=_b,_tp,_r	1664534700804	1664534700870	OK	 
REQUEST		m=_b,_tp,_r	1664534700804	1664534700870	OK	 
REQUEST		request_12	1664534700805	1664534700876	OK	 
REQUEST		request_15	1664534700804	1664534700877	OK	 
REQUEST		request_15	1664534700803	1664534700877	OK	 
REQUEST		request_15	1664534700803	1664534700878	OK	 
REQUEST		request_14	1664534700805	1664534700881	OK	 
REQUEST		request_14	1664534700805	1664534700881	OK	 
REQUEST		request_14	1664534700805	1664534700883	OK	 
REQUEST		request_16	1664534700801	1664534701273	OK	 
REQUEST		request_16	1664534700801	1664534701273	OK	 
REQUEST		request_16	1664534700801	1664534701280	OK	 
REQUEST		request_17	1664534710277	1664534710279	OK	 
REQUEST		request_17	1664534710277	1664534710279	OK	 
REQUEST		request_17	1664534710283	1664534710286	OK	 
REQUEST		request_18	1664534710282	1664534710335	OK	 
REQUEST		request_18	1664534710287	1664534710339	OK	 
REQUEST		request_18	1664534710282	1664534710350	OK	 
REQUEST		request_19	1664534774342	1664534774545	OK	 
REQUEST		request_19	1664534774352	1664534774545	OK	 
REQUEST		request_19	1664534774342	1664534774545	OK	 
REQUEST		request_21	1664534774560	1664534774674	OK	 
REQUEST		request_21	1664534774560	1664534774678	OK	 
REQUEST		request_20	1664534774559	1664534774724	OK	 
REQUEST		request_20	1664534774559	1664534774726	OK	 
REQUEST		request_20	1664534774559	1664534774743	OK	 
REQUEST		request_21	1664534774560	1664534774749	OK	 
REQUEST		request_22	1664534777727	1664534777737	OK	 
REQUEST		request_22	1664534777744	1664534777755	OK	 
REQUEST		request_22	1664534777750	1664534777757	OK	 
REQUEST		request_24	1664534777738	1664534777778	OK	 
REQUEST		request_23	1664534777738	1664534777780	OK	 
REQUEST		request_24	1664534777757	1664534777798	OK	 
REQUEST		request_23	1664534777758	1664534777802	OK	 
REQUEST		request_23	1664534777756	1664534777814	OK	 
REQUEST		request_24	1664534777759	1664534777824	OK	 
REQUEST		request_25	1664534779782	1664534779790	OK	 
REQUEST		request_25	1664534779815	1664534779820	OK	 
REQUEST		request_26	1664534779791	1664534779824	OK	 
REQUEST		request_27	1664534779791	1664534779829	OK	 
REQUEST		request_25	1664534779825	1664534779838	OK	 
REQUEST		request_26	1664534779822	1664534779858	OK	 
REQUEST		request_27	1664534779822	1664534779861	OK	 
REQUEST		request_27	1664534779840	1664534779882	OK	 
REQUEST		request_26	1664534779839	1664534779882	OK	 
REQUEST		request_28	1664534781830	1664534781836	OK	 
REQUEST		request_29	1664534781836	1664534781851	OK	 
REQUEST		request_30	1664534781837	1664534781856	OK	 
REQUEST		request_28	1664534781862	1664534781871	OK	 
REQUEST		request_29	1664534781873	1664534781898	OK	 
REQUEST		request_28	1664534781883	1664534781907	OK	 
REQUEST		request_30	1664534781873	1664534781953	OK	 
REQUEST		request_29	1664534781908	1664534781974	OK	 
REQUEST		request_30	1664534781908	1664534782007	OK	 
REQUEST		request_31	1664534783857	1664534783863	OK	 
REQUEST		request_33	1664534783866	1664534783889	OK	 
REQUEST		request_32	1664534783865	1664534783903	OK	 
REQUEST		request_31	1664534783954	1664534783959	OK	 
REQUEST		request_32	1664534783960	1664534783986	OK	 
REQUEST		request_33	1664534783961	1664534783988	OK	 
REQUEST		request_31	1664534784008	1664534784018	OK	 
REQUEST		request_32	1664534784019	1664534784044	OK	 
REQUEST		request_33	1664534784020	1664534784050	OK	 
REQUEST		request_34	1664534784904	1664534784913	OK	 
REQUEST		request_36	1664534784914	1664534784928	OK	 
REQUEST		request_35	1664534784914	1664534784932	OK	 
REQUEST		request_34	1664534784990	1664534784995	OK	 
REQUEST		request_36	1664534784996	1664534785012	OK	 
REQUEST		request_35	1664534784996	1664534785018	OK	 
REQUEST		request_34	1664534785052	1664534785059	OK	 
REQUEST		request_36	1664534785060	1664534785077	OK	 
REQUEST		request_35	1664534785060	1664534785078	OK	 
REQUEST		request_37	1664534785933	1664534785938	OK	 
REQUEST		request_39	1664534785939	1664534785953	OK	 
REQUEST		request_38	1664534785939	1664534785963	OK	 
REQUEST		request_37	1664534786019	1664534786025	OK	 
REQUEST		request_39	1664534786027	1664534786045	OK	 
REQUEST		request_38	1664534786026	1664534786045	OK	 
REQUEST		request_37	1664534786080	1664534786085	OK	 
REQUEST		request_38	1664534786086	1664534786108	OK	 
REQUEST		request_39	1664534786087	1664534786139	OK	 
REQUEST		request_40	1664534797964	1664534797974	OK	 
REQUEST		request_41	1664534797975	1664534798003	OK	 
REQUEST		request_42	1664534797976	1664534798004	OK	 
REQUEST		request_40	1664534798046	1664534798063	OK	 
REQUEST		request_41	1664534798064	1664534798100	OK	 
REQUEST		request_42	1664534798064	1664534798112	OK	 
REQUEST		request_40	1664534798141	1664534798150	OK	 
REQUEST		request_42	1664534798151	1664534798224	OK	 
REQUEST		request_41	1664534798151	1664534798225	OK	 
REQUEST		request_43	1664534803005	1664534803010	OK	 
REQUEST		request_45	1664534803012	1664534803054	OK	 
REQUEST		request_44	1664534803011	1664534803061	OK	 
REQUEST		request_43	1664534803113	1664534803121	OK	 
REQUEST		request_44	1664534803122	1664534803150	OK	 
REQUEST		request_45	1664534803122	1664534803158	OK	 
REQUEST		request_43	1664534803226	1664534803234	OK	 
REQUEST		request_45	1664534803235	1664534803254	OK	 
REQUEST		request_44	1664534803234	1664534803273	OK	 
REQUEST		request_46	1664534816062	1664534816072	OK	 
REQUEST		request_48	1664534816073	1664534816105	OK	 
REQUEST		request_46	1664534816159	1664534816173	OK	 
REQUEST		request_48	1664534816175	1664534816222	OK	 
REQUEST		request_46	1664534816276	1664534816301	OK	 
REQUEST		request_48	1664534816305	1664534816349	OK	 
REQUEST		request_47	1664534816174	1664534816675	OK	 
REQUEST		request_47	1664534816303	1664534816677	OK	 
REQUEST		request_47	1664534816073	1664534816677	OK	 
REQUEST		request_49	1664534820678	1664534820694	OK	 
REQUEST		request_49	1664534820678	1664534820694	OK	 
REQUEST		request_49	1664534820677	1664534820694	OK	 
REQUEST		request_50	1664534820697	1664534820786	OK	 
REQUEST		request_51	1664534820699	1664534820788	OK	 
REQUEST		request_50	1664534820697	1664534820840	OK	 
REQUEST		request_50	1664534820699	1664534820891	OK	 
REQUEST		request_51	1664534820699	1664534820936	OK	 
REQUEST		request_51	1664534820702	1664534820941	OK	 
REQUEST		request_52	1664534823789	1664534823799	OK	 
REQUEST		request_54	1664534823801	1664534823849	OK	 
REQUEST		request_52	1664534823938	1664534823945	OK	 
REQUEST		request_52	1664534823942	1664534823969	OK	 
REQUEST		request_53	1664534823800	1664534824012	OK	 
REQUEST		request_54	1664534823947	1664534824016	OK	 
REQUEST		request_54	1664534823970	1664534824031	OK	 
REQUEST		request_53	1664534823947	1664534824605	KO	status.find.in([200, 209], 304), found 500
REQUEST		request_53	1664534823970	1664534824613	KO	status.find.in([200, 209], 304), found 500
REQUEST		request_55	1664534843016	1664534843055	OK	 
REQUEST		request_57	1664534843058	1664534843157	OK	 
REQUEST		request_56	1664534843057	1664534843193	OK	 
REQUEST		request_55	1664534843607	1664534843618	OK	 
REQUEST		request_55	1664534843614	1664534843661	OK	 
REQUEST		request_57	1664534843620	1664534843708	OK	 
REQUEST		request_56	1664534843619	1664534843713	OK	 
REQUEST		request_57	1664534843662	1664534843734	OK	 
REQUEST		request_56	1664534843662	1664534843771	OK	 
REQUEST		request_58	1664534848195	1664534848217	OK	 
REQUEST		request_59	1664534848219	1664534848277	OK	 
REQUEST		request_60	1664534848219	1664534848281	OK	 
REQUEST		request_58	1664534848715	1664534848728	OK	 
REQUEST		request_60	1664534848729	1664534848749	OK	 
REQUEST		request_59	1664534848728	1664534848750	OK	 
REQUEST		request_58	1664534848773	1664534848780	OK	 
REQUEST		request_59	1664534848780	1664534848815	OK	 
REQUEST		request_60	1664534848781	1664534848822	OK	 
REQUEST		request_61	1664534862285	1664534862302	OK	 
REQUEST		request_63	1664534862305	1664534862353	OK	 
REQUEST		request_62	1664534862304	1664534862356	OK	 
REQUEST		request_61	1664534862751	1664534862760	OK	 
REQUEST		request_62	1664534862761	1664534862784	OK	 
REQUEST		request_63	1664534862761	1664534862792	OK	 
REQUEST		request_61	1664534862824	1664534862838	OK	 
REQUEST		request_62	1664534862839	1664534862859	OK	 
REQUEST		request_63	1664534862839	1664534862866	OK	 
REQUEST		request_64	1664534866358	1664534866367	OK	 
REQUEST		request_65	1664534866368	1664534866384	OK	 
REQUEST		request_66	1664534866369	1664534866387	OK	 
USER	bookstoreSimulation	END	1664534866408
REQUEST		request_64	1664534866794	1664534866799	OK	 
REQUEST		request_66	1664534866800	1664534866816	OK	 
REQUEST		request_65	1664534866799	1664534866865	KO	status.find.in([200, 209], 304), found 500
USER	bookstoreSimulation	END	1664534866866
REQUEST		request_64	1664534866867	1664534866875	OK	 
REQUEST		request_66	1664534866876	1664534866898	OK	 
REQUEST		request_65	1664534866875	1664534866922	KO	status.find.in([200, 209], 304), found 500
USER	bookstoreSimulation	END	1664534866923
