RUN	bookstoreSimulation	bookstoresimulation	1664523034584	Test performance of bookstore app with 3 users	3.8.4
USER	bookstoreSimulation	START	1664523035646
USER	bookstoreSimulation	START	1664523035646
USER	bookstoreSimulation	START	1664523035646
REQUEST		request_0	1664523035626	1664523035701	KO	status.find.in([200, 209], 304), found 400
REQUEST		request_0	1664523035626	1664523035701	KO	status.find.in([200, 209], 304), found 400
REQUEST		request_0	1664523035626	1664523035701	KO	status.find.in([200, 209], 304), found 400
REQUEST		request_2	1664523176731	1664523176871	OK	 
REQUEST		request_2	1664523176731	1664523176871	OK	 
REQUEST		request_2	1664523176731	1664523176865	OK	 
REQUEST		request_5	1664523176897	1664523177012	OK	 
REQUEST		request_6	1664523176929	1664523177045	OK	 
REQUEST		request_10	1664523176912	1664523177046	OK	 
REQUEST		request_10	1664523176912	1664523177047	OK	 
REQUEST		request_8	1664523176949	1664523177048	OK	 
REQUEST		request_7	1664523176948	1664523177052	OK	 
REQUEST		request_6	1664523176929	1664523177053	OK	 
REQUEST		request_7	1664523176948	1664523177053	OK	 
REQUEST		request_6	1664523176929	1664523177055	OK	 
REQUEST		request_5	1664523176897	1664523177069	OK	 
REQUEST		request_5	1664523176897	1664523177069	OK	 
REQUEST		request_8	1664523176949	1664523177070	OK	 
REQUEST		request_7	1664523176948	1664523177075	OK	 
REQUEST		request_9	1664523176964	1664523177069	OK	 
REQUEST		request_3	1664523176950	1664523177069	OK	 
REQUEST		request_3	1664523176950	1664523177079	OK	 
REQUEST		request_10	1664523176912	1664523177079	OK	 
REQUEST		request_8	1664523176949	1664523177080	OK	 
REQUEST		request_4	1664523176963	1664523177080	OK	 
REQUEST		request_4	1664523176964	1664523177080	OK	 
REQUEST		request_4	1664523176963	1664523177081	OK	 
REQUEST		request_3	1664523176950	1664523177081	OK	 
REQUEST		request_9	1664523176964	1664523177081	OK	 
REQUEST		request_9	1664523176964	1664523177081	OK	 
REQUEST		request_11	1664523180086	1664523180190	OK	 
REQUEST		request_11	1664523180086	1664523180206	OK	 
REQUEST		request_11	1664523180086	1664523180210	OK	 
REQUEST		request_13	1664523180279	1664523180293	OK	 
REQUEST		request_13	1664523180279	1664523180294	OK	 
REQUEST		request_13	1664523180279	1664523180295	OK	 
REQUEST		request_12	1664523180281	1664523180330	OK	 
REQUEST		m=_b,_tp,_r	1664523180280	1664523180330	OK	 
REQUEST		request_15	1664523180280	1664523180337	OK	 
REQUEST		request_15	1664523180280	1664523180337	OK	 
REQUEST		request_15	1664523180280	1664523180339	OK	 
REQUEST		request_14	1664523180281	1664523180348	OK	 
REQUEST		m=_b,_tp,_r	1664523180280	1664523180349	OK	 
REQUEST		request_12	1664523180281	1664523180349	OK	 
REQUEST		request_12	1664523180281	1664523180351	OK	 
REQUEST		m=_b,_tp,_r	1664523180280	1664523180354	OK	 
REQUEST		request_14	1664523180281	1664523180357	OK	 
REQUEST		request_14	1664523180281	1664523180361	OK	 
REQUEST		request_16	1664523180278	1664523180720	OK	 
REQUEST		request_16	1664523180278	1664523180720	OK	 
REQUEST		request_16	1664523180278	1664523180722	OK	 
REQUEST		request_17	1664523189722	1664523189725	OK	 
REQUEST		request_17	1664523189722	1664523189725	OK	 
REQUEST		request_17	1664523189723	1664523189725	OK	 
REQUEST		request_18	1664523189732	1664523189772	OK	 
REQUEST		request_18	1664523189732	1664523189772	OK	 
REQUEST		request_18	1664523189732	1664523189773	OK	 
REQUEST		request_19	1664523253785	1664523253816	OK	 
REQUEST		request_19	1664523253785	1664523253816	OK	 
REQUEST		request_19	1664523253785	1664523253816	OK	 
REQUEST		request_21	1664523253831	1664523253868	OK	 
REQUEST		request_21	1664523253831	1664523253871	OK	 
REQUEST		request_21	1664523253831	1664523253888	OK	 
REQUEST		request_20	1664523253830	1664523253943	OK	 
REQUEST		request_20	1664523253830	1664523253943	OK	 
REQUEST		request_20	1664523253830	1664523253949	OK	 
REQUEST		request_22	1664523256945	1664523256956	OK	 
REQUEST		request_22	1664523256951	1664523256960	OK	 
REQUEST		request_22	1664523256945	1664523256960	OK	 
REQUEST		request_23	1664523256957	1664523257030	OK	 
REQUEST		request_24	1664523256962	1664523257030	OK	 
REQUEST		request_23	1664523256961	1664523257032	OK	 
REQUEST		request_24	1664523256957	1664523257034	OK	 
REQUEST		request_23	1664523256961	1664523257034	OK	 
REQUEST		request_24	1664523256962	1664523257057	OK	 
REQUEST		request_25	1664523259036	1664523259043	OK	 
REQUEST		request_25	1664523259036	1664523259043	OK	 
REQUEST		request_25	1664523259059	1664523259069	OK	 
REQUEST		request_26	1664523259044	1664523259073	OK	 
REQUEST		request_26	1664523259044	1664523259077	OK	 
REQUEST		request_27	1664523259045	1664523259081	OK	 
REQUEST		request_27	1664523259045	1664523259084	OK	 
REQUEST		request_26	1664523259070	1664523259089	OK	 
REQUEST		request_27	1664523259070	1664523259097	OK	 
REQUEST		request_28	1664523261083	1664523261092	OK	 
REQUEST		request_28	1664523261086	1664523261093	OK	 
REQUEST		request_28	1664523261101	1664523261130	OK	 
REQUEST		request_29	1664523261094	1664523261132	OK	 
REQUEST		request_29	1664523261131	1664523261181	OK	 
REQUEST		request_30	1664523261094	1664523261190	OK	 
REQUEST		request_29	1664523261093	1664523261192	OK	 
REQUEST		request_30	1664523261093	1664523261222	OK	 
REQUEST		request_30	1664523261132	1664523261260	OK	 
REQUEST		request_31	1664523263221	1664523263377	OK	 
REQUEST		request_31	1664523263227	1664523263414	OK	 
REQUEST		request_31	1664523263270	1664523263442	OK	 
REQUEST		request_33	1664523263418	1664523263663	OK	 
REQUEST		request_32	1664523263403	1664523264144	OK	 
REQUEST		request_33	1664523263446	1664523264165	OK	 
REQUEST		request_32	1664523263446	1664523264168	OK	 
REQUEST		request_32	1664523263416	1664523264243	OK	 
REQUEST		request_33	1664523263405	1664523264244	OK	 
REQUEST		request_34	1664523265258	1664523265377	OK	 
REQUEST		request_34	1664523265243	1664523265377	OK	 
REQUEST		request_34	1664523265253	1664523265377	OK	 
REQUEST		request_36	1664523265443	1664523265592	OK	 
REQUEST		request_36	1664523265443	1664523265677	OK	 
REQUEST		request_36	1664523265443	1664523265690	OK	 
REQUEST		request_35	1664523265441	1664523266034	OK	 
REQUEST		request_35	1664523265441	1664523266093	OK	 
REQUEST		request_35	1664523265442	1664523266109	OK	 
REQUEST		request_37	1664523267087	1664523268071	OK	 
REQUEST		request_37	1664523267117	1664523268125	OK	 
REQUEST		request_37	1664523267101	1664523268146	OK	 
REQUEST		request_38	1664523268118	1664523268686	OK	 
REQUEST		request_38	1664523268127	1664523268724	OK	 
REQUEST		request_39	1664523268137	1664523268831	OK	 
REQUEST		request_38	1664523268148	1664523268840	OK	 
REQUEST		request_39	1664523268137	1664523268856	OK	 
REQUEST		request_39	1664523268150	1664523268880	OK	 
REQUEST		request_40	1664523280846	1664523280862	OK	 
REQUEST		request_40	1664523280858	1664523280864	OK	 
REQUEST		request_40	1664523280882	1664523280890	OK	 
REQUEST		request_42	1664523280867	1664523280894	OK	 
REQUEST		request_41	1664523280866	1664523280896	OK	 
REQUEST		request_41	1664523280866	1664523280900	OK	 
REQUEST		request_42	1664523280867	1664523280902	OK	 
REQUEST		request_41	1664523280891	1664523280904	OK	 
REQUEST		request_42	1664523280891	1664523280918	OK	 
REQUEST		request_43	1664523285905	1664523285912	OK	 
REQUEST		request_43	1664523285903	1664523285917	OK	 
REQUEST		request_43	1664523285919	1664523285930	OK	 
REQUEST		request_44	1664523285914	1664523285938	OK	 
REQUEST		request_44	1664523285931	1664523285959	OK	 
REQUEST		request_45	1664523285914	1664523285968	OK	 
REQUEST		request_45	1664523285919	1664523285968	OK	 
REQUEST		request_44	1664523285918	1664523285969	OK	 
REQUEST		request_45	1664523285931	1664523285974	OK	 
REQUEST		request_46	1664523298970	1664523298977	OK	 
REQUEST		request_46	1664523298970	1664523298977	OK	 
REQUEST		request_46	1664523298975	1664523298979	OK	 
REQUEST		request_48	1664523298979	1664523299025	OK	 
REQUEST		request_48	1664523298981	1664523299032	OK	 
REQUEST		request_48	1664523298979	1664523299039	OK	 
REQUEST		request_47	1664523298978	1664523299082	OK	 
REQUEST		request_47	1664523298978	1664523299083	OK	 
REQUEST		request_47	1664523298980	1664523299083	OK	 
REQUEST		request_49	1664523303085	1664523303092	OK	 
REQUEST		request_49	1664523303085	1664523303093	OK	 
REQUEST		request_49	1664523303084	1664523303093	OK	 
REQUEST		request_50	1664523303093	1664523303114	OK	 
REQUEST		request_50	1664523303094	1664523303127	OK	 
REQUEST		request_50	1664523303094	1664523303127	OK	 
REQUEST		request_51	1664523303095	1664523303127	OK	 
REQUEST		request_51	1664523303095	1664523303130	OK	 
REQUEST		request_51	1664523303094	1664523303132	OK	 
REQUEST		request_52	1664523306131	1664523306136	OK	 
REQUEST		request_52	1664523306129	1664523306136	OK	 
REQUEST		request_52	1664523306134	1664523306138	OK	 
REQUEST		request_54	1664523306137	1664523306163	OK	 
REQUEST		request_54	1664523306139	1664523306174	OK	 
REQUEST		request_54	1664523306137	1664523306184	OK	 
REQUEST		request_53	1664523306137	1664523306754	KO	status.find.in([200, 209], 304), found 500
REQUEST		request_53	1664523306139	1664523306754	KO	status.find.in([200, 209], 304), found 500
REQUEST		request_53	1664523306137	1664523306754	KO	status.find.in([200, 209], 304), found 500
REQUEST		request_55	1664523325763	1664523325773	OK	 
REQUEST		request_55	1664523325763	1664523325773	OK	 
REQUEST		request_55	1664523325763	1664523325777	OK	 
REQUEST		request_56	1664523325776	1664523325812	OK	 
REQUEST		request_57	1664523325777	1664523325816	OK	 
REQUEST		request_56	1664523325778	1664523325816	OK	 
REQUEST		request_56	1664523325776	1664523325817	OK	 
REQUEST		request_57	1664523325779	1664523325828	OK	 
REQUEST		request_57	1664523325777	1664523325828	OK	 
REQUEST		request_58	1664523330817	1664523330823	OK	 
REQUEST		request_58	1664523330829	1664523330837	OK	 
REQUEST		request_58	1664523330829	1664523330838	OK	 
REQUEST		request_59	1664523330838	1664523330859	OK	 
REQUEST		request_59	1664523330824	1664523330877	OK	 
REQUEST		request_59	1664523330839	1664523330884	OK	 
REQUEST		request_60	1664523330839	1664523330894	OK	 
REQUEST		request_60	1664523330824	1664523330894	OK	 
REQUEST		request_60	1664523330838	1664523330902	OK	 
REQUEST		request_61	1664523344895	1664523344905	OK	 
REQUEST		request_61	1664523344895	1664523344905	OK	 
REQUEST		request_61	1664523344903	1664523344910	OK	 
REQUEST		request_62	1664523344911	1664523344940	OK	 
REQUEST		request_62	1664523344905	1664523344941	OK	 
REQUEST		request_63	1664523344911	1664523344943	OK	 
REQUEST		request_62	1664523344905	1664523344944	OK	 
REQUEST		request_63	1664523344906	1664523344945	OK	 
REQUEST		request_63	1664523344906	1664523344951	OK	 
REQUEST		request_64	1664523348946	1664523348954	OK	 
REQUEST		request_64	1664523348944	1664523348955	OK	 
REQUEST		request_64	1664523348951	1664523348964	OK	 
REQUEST		request_66	1664523348956	1664523348996	OK	 
REQUEST		request_66	1664523348956	1664523349012	OK	 
REQUEST		request_65	1664523348956	1664523349015	KO	status.find.in([200, 209], 304), found 500
REQUEST		request_66	1664523348966	1664523349025	OK	 
USER	bookstoreSimulation	END	1664523349029
REQUEST		request_65	1664523348955	1664523349037	KO	status.find.in([200, 209], 304), found 500
USER	bookstoreSimulation	END	1664523349038
REQUEST		request_65	1664523348966	1664523349048	KO	status.find.in([200, 209], 304), found 500
USER	bookstoreSimulation	END	1664523349049
