RUN	bookstoreSimulation	bookstoresimulation	1664535826413	 	3.8.4
USER	bookstoreSimulation	START	1664535827878
USER	bookstoreSimulation	START	1664535827878
USER	bookstoreSimulation	START	1664535827878
REQUEST		request_0	1664535827843	1664535827934	KO	status.find.in([200, 209], 304), found 400
REQUEST		request_0	1664535827843	1664535827934	KO	status.find.in([200, 209], 304), found 400
REQUEST		request_0	1664535827844	1664535827934	KO	status.find.in([200, 209], 304), found 400
REQUEST		request_2	1664535969153	1664535969844	OK	 
REQUEST		request_2	1664535969153	1664535969830	OK	 
REQUEST		request_2	1664535969153	1664535969870	OK	 
REQUEST		request_5	1664535970237	1664535970426	OK	 
REQUEST		request_5	1664535970234	1664535970640	OK	 
REQUEST		request_10	1664535970246	1664535970663	OK	 
REQUEST		request_7	1664535970282	1664535970675	OK	 
REQUEST		request_10	1664535970245	1664535970684	OK	 
REQUEST		request_8	1664535970283	1664535970689	OK	 
REQUEST		request_6	1664535970262	1664535970700	OK	 
REQUEST		request_6	1664535970264	1664535970703	OK	 
REQUEST		request_3	1664535970327	1664535970665	OK	 
REQUEST		request_9	1664535970330	1664535970718	OK	 
REQUEST		request_7	1664535970282	1664535970735	OK	 
REQUEST		request_5	1664535970245	1664535970740	OK	 
REQUEST		request_8	1664535970294	1664535970747	OK	 
REQUEST		request_6	1664535970264	1664535970749	OK	 
REQUEST		request_4	1664535970311	1664535970750	OK	 
REQUEST		request_3	1664535970284	1664535970750	OK	 
REQUEST		request_4	1664535970329	1664535970750	OK	 
REQUEST		request_3	1664535970290	1664535970751	OK	 
REQUEST		request_4	1664535970309	1664535970751	OK	 
REQUEST		request_9	1664535970314	1664535970752	OK	 
REQUEST		request_9	1664535970315	1664535970752	OK	 
REQUEST		request_7	1664535970280	1664535970759	OK	 
REQUEST		request_8	1664535970283	1664535970761	OK	 
REQUEST		request_10	1664535970245	1664535970766	OK	 
REQUEST		request_11	1664535973757	1664535973862	OK	 
REQUEST		request_11	1664535973768	1664535973871	OK	 
REQUEST		request_11	1664535973757	1664535973878	OK	 
REQUEST		request_15	1664535973967	1664535973995	OK	 
REQUEST		request_15	1664535973966	1664535974000	OK	 
REQUEST		request_15	1664535973967	1664535974001	OK	 
REQUEST		m=_b,_tp,_r	1664535973967	1664535974009	OK	 
REQUEST		m=_b,_tp,_r	1664535973968	1664535974010	OK	 
REQUEST		request_13	1664535973963	1664535974010	OK	 
REQUEST		request_13	1664535973963	1664535974011	OK	 
REQUEST		request_12	1664535973968	1664535974012	OK	 
REQUEST		request_13	1664535973963	1664535974012	OK	 
REQUEST		m=_b,_tp,_r	1664535973967	1664535974028	OK	 
REQUEST		request_12	1664535973967	1664535974031	OK	 
REQUEST		request_12	1664535973968	1664535974032	OK	 
REQUEST		request_14	1664535973969	1664535974039	OK	 
REQUEST		request_14	1664535973969	1664535974039	OK	 
REQUEST		request_14	1664535973967	1664535974058	OK	 
REQUEST		request_16	1664535973962	1664535974071	OK	 
REQUEST		request_16	1664535973962	1664535974074	OK	 
REQUEST		request_16	1664535973962	1664535974080	OK	 
REQUEST		request_17	1664535983083	1664535983088	OK	 
REQUEST		request_17	1664535983083	1664535983088	OK	 
REQUEST		request_17	1664535983083	1664535983088	OK	 
REQUEST		request_18	1664535983091	1664535983113	OK	 
REQUEST		request_18	1664535983091	1664535983140	OK	 
REQUEST		request_18	1664535983091	1664535983168	OK	 
REQUEST		request_19	1664536047131	1664536047183	OK	 
REQUEST		request_19	1664536047143	1664536047184	OK	 
REQUEST		request_19	1664536047172	1664536047196	OK	 
REQUEST		request_21	1664536047236	1664536047449	OK	 
REQUEST		request_20	1664536047233	1664536047463	OK	 
REQUEST		request_21	1664536047234	1664536047505	OK	 
REQUEST		request_20	1664536047233	1664536047606	OK	 
REQUEST		request_20	1664536047235	1664536047705	OK	 
REQUEST		request_21	1664536047236	1664536047863	OK	 
REQUEST		request_22	1664536050611	1664536050629	OK	 
REQUEST		request_23	1664536050630	1664536050707	OK	 
REQUEST		request_24	1664536050631	1664536050717	OK	 
REQUEST		request_22	1664536050710	1664536050735	OK	 
REQUEST		request_23	1664536050741	1664536050819	OK	 
REQUEST		request_24	1664536050742	1664536050834	OK	 
REQUEST		request_22	1664536050865	1664536050877	OK	 
REQUEST		request_23	1664536050879	1664536050998	OK	 
REQUEST		request_24	1664536050880	1664536051072	OK	 
REQUEST		request_25	1664536052719	1664536052725	OK	 
REQUEST		request_27	1664536052727	1664536052741	OK	 
REQUEST		request_26	1664536052727	1664536052741	OK	 
REQUEST		request_25	1664536052837	1664536052841	OK	 
REQUEST		request_26	1664536052842	1664536052869	OK	 
REQUEST		request_27	1664536052842	1664536052872	OK	 
REQUEST		request_25	1664536053076	1664536053087	OK	 
REQUEST		request_26	1664536053089	1664536053141	OK	 
REQUEST		request_27	1664536053090	1664536053192	OK	 
REQUEST		request_28	1664536054743	1664536054749	OK	 
REQUEST		request_29	1664536054750	1664536054766	OK	 
REQUEST		request_30	1664536054750	1664536054766	OK	 
REQUEST		request_28	1664536054875	1664536054883	OK	 
REQUEST		request_30	1664536054884	1664536054906	OK	 
REQUEST		request_29	1664536054884	1664536054906	OK	 
REQUEST		request_28	1664536055194	1664536055200	OK	 
REQUEST		request_29	1664536055200	1664536055213	OK	 
REQUEST		request_30	1664536055201	1664536055223	OK	 
REQUEST		request_31	1664536056768	1664536056776	OK	 
REQUEST		request_32	1664536056778	1664536056821	OK	 
REQUEST		request_33	1664536056779	1664536056833	OK	 
REQUEST		request_31	1664536056908	1664536056916	OK	 
REQUEST		request_33	1664536056917	1664536056936	OK	 
REQUEST		request_32	1664536056917	1664536056939	OK	 
REQUEST		request_31	1664536057224	1664536057238	OK	 
REQUEST		request_32	1664536057240	1664536057269	OK	 
REQUEST		request_33	1664536057241	1664536057272	OK	 
REQUEST		request_34	1664536057835	1664536057844	OK	 
REQUEST		request_35	1664536057845	1664536057878	OK	 
REQUEST		request_36	1664536057845	1664536057880	OK	 
REQUEST		request_34	1664536057941	1664536057964	OK	 
REQUEST		request_36	1664536057969	1664536058065	OK	 
REQUEST		request_35	1664536057966	1664536058067	OK	 
REQUEST		request_34	1664536058274	1664536058280	OK	 
REQUEST		request_35	1664536058281	1664536058298	OK	 
REQUEST		request_36	1664536058281	1664536058302	OK	 
REQUEST		request_37	1664536058881	1664536058919	OK	 
REQUEST		request_38	1664536058921	1664536059081	OK	 
REQUEST		request_37	1664536059069	1664536059113	OK	 
REQUEST		request_39	1664536058923	1664536059119	OK	 
REQUEST		request_38	1664536059116	1664536059175	OK	 
REQUEST		request_39	1664536059117	1664536059271	OK	 
REQUEST		request_37	1664536059304	1664536059323	OK	 
REQUEST		request_38	1664536059325	1664536059376	OK	 
REQUEST		request_39	1664536059326	1664536059393	OK	 
REQUEST		request_40	1664536071131	1664536071148	OK	 
REQUEST		request_42	1664536071152	1664536071176	OK	 
REQUEST		request_41	1664536071152	1664536071177	OK	 
REQUEST		request_40	1664536071273	1664536071282	OK	 
REQUEST		request_41	1664536071282	1664536071308	OK	 
REQUEST		request_42	1664536071283	1664536071308	OK	 
REQUEST		request_40	1664536071394	1664536071403	OK	 
REQUEST		request_41	1664536071404	1664536071423	OK	 
REQUEST		request_42	1664536071405	1664536071423	OK	 
REQUEST		request_43	1664536076183	1664536076203	OK	 
REQUEST		request_44	1664536076206	1664536076350	OK	 
REQUEST		request_45	1664536076207	1664536076461	OK	 
REQUEST		request_43	1664536076312	1664536076491	OK	 
REQUEST		request_43	1664536076426	1664536076533	OK	 
REQUEST		request_44	1664536076493	1664536076693	OK	 
REQUEST		request_45	1664536076493	1664536076733	OK	 
REQUEST		request_45	1664536076536	1664536076763	OK	 
REQUEST		request_44	1664536076536	1664536076878	OK	 
REQUEST		request_46	1664536089492	1664536089669	OK	 
REQUEST		request_46	1664536089740	1664536089863	OK	 
REQUEST		request_46	1664536089883	1664536089992	OK	 
REQUEST		request_48	1664536089865	1664536090565	OK	 
REQUEST		request_48	1664536089678	1664536090641	OK	 
REQUEST		request_48	1664536089995	1664536090737	OK	 
REQUEST		request_47	1664536089994	1664536091325	OK	 
REQUEST		request_47	1664536089864	1664536091325	OK	 
REQUEST		request_47	1664536089675	1664536091325	OK	 
REQUEST		request_49	1664536095338	1664536095364	OK	 
REQUEST		request_49	1664536095338	1664536095364	OK	 
REQUEST		request_49	1664536095338	1664536095380	OK	 
REQUEST		request_51	1664536095369	1664536095426	OK	 
REQUEST		request_51	1664536095369	1664536095427	OK	 
REQUEST		request_50	1664536095368	1664536095439	OK	 
REQUEST		request_50	1664536095381	1664536095442	OK	 
REQUEST		request_50	1664536095368	1664536095443	OK	 
REQUEST		request_51	1664536095382	1664536095528	OK	 
REQUEST		request_52	1664536098461	1664536098656	OK	 
REQUEST		request_52	1664536098461	1664536098752	OK	 
REQUEST		request_52	1664536098530	1664536098964	OK	 
REQUEST		request_54	1664536098662	1664536099089	OK	 
REQUEST		request_54	1664536098967	1664536099442	OK	 
REQUEST		request_54	1664536098754	1664536099660	OK	 
REQUEST		request_53	1664536098966	1664536099851	OK	 
REQUEST		request_53	1664536098661	1664536100141	KO	status.find.in([200, 209], 304), found 500
REQUEST		request_53	1664536098754	1664536100150	KO	status.find.in([200, 209], 304), found 500
REQUEST		request_55	1664536118859	1664536118874	OK	 
REQUEST		request_56	1664536118878	1664536118908	OK	 
REQUEST		request_57	1664536118879	1664536118910	OK	 
REQUEST		request_55	1664536119144	1664536119153	OK	 
REQUEST		request_55	1664536119153	1664536119165	OK	 
REQUEST		request_57	1664536119154	1664536119186	OK	 
REQUEST		request_56	1664536119166	1664536119189	OK	 
REQUEST		request_56	1664536119153	1664536119198	OK	 
REQUEST		request_57	1664536119166	1664536119202	OK	 
REQUEST		request_58	1664536123912	1664536123917	OK	 
REQUEST		request_60	1664536123919	1664536123942	OK	 
REQUEST		request_59	1664536123918	1664536123949	OK	 
REQUEST		request_58	1664536124200	1664536124208	OK	 
REQUEST		request_58	1664536124204	1664536124208	OK	 
REQUEST		request_59	1664536124209	1664536124224	OK	 
REQUEST		request_59	1664536124209	1664536124223	OK	 
REQUEST		request_60	1664536124209	1664536124237	OK	 
REQUEST		request_60	1664536124210	1664536124243	OK	 
REQUEST		request_61	1664536138245	1664536138362	OK	 
REQUEST		request_61	1664536138240	1664536138362	OK	 
REQUEST		request_61	1664536138088	1664536138389	OK	 
REQUEST		request_63	1664536138391	1664536144708	OK	 
REQUEST		request_63	1664536138382	1664536144944	OK	 
REQUEST		request_62	1664536138390	1664536144979	OK	 
REQUEST		request_63	1664536138382	1664536144980	OK	 
REQUEST		request_62	1664536138379	1664536144992	OK	 
REQUEST		request_62	1664536138379	1664536145272	OK	 
REQUEST		request_64	1664536148987	1664536148998	OK	 
REQUEST		request_64	1664536149000	1664536149010	OK	 
REQUEST		request_66	1664536149001	1664536149056	OK	 
REQUEST		request_65	1664536149013	1664536149062	OK	 
REQUEST		request_66	1664536149014	1664536149070	OK	 
REQUEST		request_65	1664536149001	1664536149115	KO	status.find.in([200, 209], 304), found 500
USER	bookstoreSimulation	END	1664536149117
USER	bookstoreSimulation	END	1664536149119
REQUEST		request_64	1664536149275	1664536149280	OK	 
REQUEST		request_66	1664536149283	1664536149314	OK	 
REQUEST		request_65	1664536149282	1664536149355	KO	status.find.in([200, 209], 304), found 500
USER	bookstoreSimulation	END	1664536149356
