RUN	bookstoreSimulation	bookstoresimulation	1664533549394	test book	3.8.4
USER	bookstoreSimulation	START	1664533550559
USER	bookstoreSimulation	START	1664533550560
USER	bookstoreSimulation	START	1664533550560
REQUEST		request_0	1664533550535	1664533550626	KO	status.find.in([200, 209], 304), found 400
REQUEST		request_0	1664533550534	1664533550615	KO	status.find.in([200, 209], 304), found 400
REQUEST		request_0	1664533550534	1664533550615	KO	status.find.in([200, 209], 304), found 400
REQUEST		request_2	1664533691660	1664533691783	OK	 
REQUEST		request_2	1664533691660	1664533691798	OK	 
REQUEST		request_2	1664533691660	1664533691794	OK	 
REQUEST		request_6	1664533691853	1664533691957	OK	 
REQUEST		request_10	1664533691837	1664533691962	OK	 
REQUEST		request_7	1664533691865	1664533691962	OK	 
REQUEST		request_5	1664533691824	1664533691963	OK	 
REQUEST		request_6	1664533691853	1664533691965	OK	 
REQUEST		request_7	1664533691865	1664533691969	OK	 
REQUEST		request_6	1664533691853	1664533691970	OK	 
REQUEST		request_8	1664533691865	1664533691985	OK	 
REQUEST		request_5	1664533691824	1664533691986	OK	 
REQUEST		request_10	1664533691836	1664533691988	OK	 
REQUEST		request_7	1664533691865	1664533691989	OK	 
REQUEST		request_5	1664533691824	1664533691990	OK	 
REQUEST		request_8	1664533691865	1664533691991	OK	 
REQUEST		request_3	1664533691866	1664533691986	OK	 
REQUEST		request_4	1664533691878	1664533691992	OK	 
REQUEST		request_3	1664533691866	1664533691988	OK	 
REQUEST		request_9	1664533691879	1664533691997	OK	 
REQUEST		request_9	1664533691879	1664533691997	OK	 
REQUEST		request_9	1664533691879	1664533691998	OK	 
REQUEST		request_3	1664533691866	1664533691998	OK	 
REQUEST		request_4	1664533691878	1664533691998	OK	 
REQUEST		request_8	1664533691865	1664533691999	OK	 
REQUEST		request_4	1664533691878	1664533692000	OK	 
REQUEST		request_10	1664533691837	1664533692003	OK	 
REQUEST		request_11	1664533695005	1664533695133	OK	 
REQUEST		request_11	1664533695004	1664533695140	OK	 
REQUEST		request_11	1664533695004	1664533695164	OK	 
REQUEST		request_13	1664533695296	1664533695311	OK	 
REQUEST		request_13	1664533695296	1664533695311	OK	 
REQUEST		request_13	1664533695296	1664533695322	OK	 
REQUEST		m=_b,_tp,_r	1664533695297	1664533695344	OK	 
REQUEST		request_12	1664533695298	1664533695345	OK	 
REQUEST		m=_b,_tp,_r	1664533695297	1664533695345	OK	 
REQUEST		m=_b,_tp,_r	1664533695297	1664533695363	OK	 
REQUEST		request_12	1664533695298	1664533695365	OK	 
REQUEST		request_12	1664533695298	1664533695365	OK	 
REQUEST		request_14	1664533695298	1664533695384	OK	 
REQUEST		request_14	1664533695298	1664533695387	OK	 
REQUEST		request_14	1664533695298	1664533695389	OK	 
REQUEST		request_15	1664533695297	1664533695426	OK	 
REQUEST		request_15	1664533695297	1664533695427	OK	 
REQUEST		request_15	1664533695297	1664533695427	OK	 
REQUEST		request_16	1664533695295	1664533695511	OK	 
REQUEST		request_16	1664533695295	1664533695511	OK	 
REQUEST		request_16	1664533695295	1664533695512	OK	 
REQUEST		request_17	1664533704514	1664533704518	OK	 
REQUEST		request_17	1664533704514	1664533704518	OK	 
REQUEST		request_17	1664533704514	1664533704518	OK	 
REQUEST		request_18	1664533704519	1664533704560	OK	 
REQUEST		request_18	1664533704519	1664533704562	OK	 
REQUEST		request_18	1664533704519	1664533704567	OK	 
REQUEST		request_19	1664533768569	1664533768747	OK	 
REQUEST		request_19	1664533768569	1664533768747	OK	 
REQUEST		request_19	1664533768569	1664533768747	OK	 
REQUEST		request_21	1664533768770	1664533768870	OK	 
REQUEST		request_21	1664533768770	1664533768870	OK	 
REQUEST		request_21	1664533768770	1664533768918	OK	 
REQUEST		request_20	1664533768769	1664533768950	OK	 
REQUEST		request_20	1664533768769	1664533768951	OK	 
REQUEST		request_20	1664533768769	1664533768953	OK	 
REQUEST		request_22	1664533771953	1664533771967	OK	 
REQUEST		request_22	1664533771955	1664533771967	OK	 
REQUEST		request_22	1664533771953	1664533771979	OK	 
REQUEST		request_24	1664533771969	1664533772013	OK	 
REQUEST		request_23	1664533771968	1664533772014	OK	 
REQUEST		request_23	1664533771968	1664533772022	OK	 
REQUEST		request_24	1664533771968	1664533772042	OK	 
REQUEST		request_23	1664533771980	1664533772043	OK	 
REQUEST		request_24	1664533771980	1664533772059	OK	 
REQUEST		request_25	1664533774024	1664533774033	OK	 
REQUEST		request_27	1664533774035	1664533774053	OK	 
REQUEST		request_25	1664533774043	1664533774059	OK	 
REQUEST		request_25	1664533774060	1664533774066	OK	 
REQUEST		request_26	1664533774060	1664533774090	OK	 
REQUEST		request_27	1664533774060	1664533774095	OK	 
REQUEST		request_26	1664533774067	1664533774107	OK	 
REQUEST		request_26	1664533774035	1664533774114	OK	 
REQUEST		request_27	1664533774068	1664533774122	OK	 
REQUEST		request_28	1664533776102	1664533776113	OK	 
REQUEST		request_28	1664533776116	1664533776120	OK	 
REQUEST		request_28	1664533776124	1664533776134	OK	 
REQUEST		request_30	1664533776117	1664533776168	OK	 
REQUEST		request_30	1664533776121	1664533776177	OK	 
REQUEST		request_30	1664533776136	1664533776215	OK	 
REQUEST		request_29	1664533776121	1664533776236	OK	 
REQUEST		request_29	1664533776116	1664533776237	OK	 
REQUEST		request_29	1664533776136	1664533776240	OK	 
REQUEST		request_31	1664533778241	1664533778246	OK	 
REQUEST		request_31	1664533778238	1664533778253	OK	 
REQUEST		request_31	1664533778238	1664533778253	OK	 
REQUEST		request_32	1664533778254	1664533778277	OK	 
REQUEST		request_32	1664533778254	1664533778281	OK	 
REQUEST		request_33	1664533778249	1664533778281	OK	 
REQUEST		request_32	1664533778247	1664533778295	OK	 
REQUEST		request_33	1664533778254	1664533778297	OK	 
REQUEST		request_33	1664533778254	1664533778313	OK	 
REQUEST		request_34	1664533779297	1664533779303	OK	 
REQUEST		request_34	1664533779298	1664533779304	OK	 
REQUEST		request_34	1664533779314	1664533779327	OK	 
REQUEST		request_35	1664533779306	1664533779329	OK	 
REQUEST		request_36	1664533779307	1664533779339	OK	 
REQUEST		request_35	1664533779304	1664533779341	OK	 
REQUEST		request_36	1664533779329	1664533779347	OK	 
REQUEST		request_36	1664533779304	1664533779349	OK	 
REQUEST		request_35	1664533779328	1664533779363	OK	 
REQUEST		request_37	1664533780340	1664533780347	OK	 
REQUEST		request_37	1664533780351	1664533780357	OK	 
REQUEST		request_38	1664533780348	1664533780366	OK	 
REQUEST		request_37	1664533780365	1664533780382	OK	 
REQUEST		request_38	1664533780357	1664533780384	OK	 
REQUEST		request_38	1664533780383	1664533780405	OK	 
REQUEST		request_39	1664533780358	1664533780407	OK	 
REQUEST		request_39	1664533780383	1664533780407	OK	 
REQUEST		request_39	1664533780348	1664533780413	OK	 
REQUEST		request_40	1664533792408	1664533792417	OK	 
REQUEST		request_40	1664533792414	1664533792420	OK	 
REQUEST		request_40	1664533792408	1664533792420	OK	 
REQUEST		request_41	1664533792420	1664533792454	OK	 
REQUEST		request_41	1664533792418	1664533792459	OK	 
REQUEST		request_41	1664533792421	1664533792459	OK	 
REQUEST		request_42	1664533792421	1664533792466	OK	 
REQUEST		request_42	1664533792418	1664533792467	OK	 
REQUEST		request_42	1664533792421	1664533792474	OK	 
REQUEST		request_43	1664533797467	1664533797473	OK	 
REQUEST		request_43	1664533797468	1664533797475	OK	 
REQUEST		request_43	1664533797475	1664533797486	OK	 
REQUEST		request_45	1664533797476	1664533797515	OK	 
REQUEST		request_45	1664533797488	1664533797546	OK	 
REQUEST		request_44	1664533797476	1664533797546	OK	 
REQUEST		request_44	1664533797487	1664533797547	OK	 
REQUEST		request_44	1664533797475	1664533797548	OK	 
REQUEST		request_45	1664533797477	1664533797556	OK	 
REQUEST		request_46	1664533810548	1664533810555	OK	 
REQUEST		request_46	1664533810548	1664533810556	OK	 
REQUEST		request_46	1664533810556	1664533810563	OK	 
REQUEST		request_48	1664533810557	1664533810605	OK	 
REQUEST		request_48	1664533810556	1664533810606	OK	 
REQUEST		request_48	1664533810564	1664533810618	OK	 
REQUEST		request_47	1664533810556	1664533810625	OK	 
REQUEST		request_47	1664533810564	1664533810625	OK	 
REQUEST		request_47	1664533810556	1664533810627	OK	 
REQUEST		request_49	1664533814627	1664533814635	OK	 
REQUEST		request_49	1664533814627	1664533814638	OK	 
REQUEST		request_49	1664533814628	1664533814649	OK	 
REQUEST		request_50	1664533814636	1664533814666	OK	 
REQUEST		request_50	1664533814639	1664533814671	OK	 
REQUEST		request_51	1664533814637	1664533814694	OK	 
REQUEST		request_50	1664533814652	1664533814697	OK	 
REQUEST		request_51	1664533814653	1664533814698	OK	 
REQUEST		request_51	1664533814640	1664533814714	OK	 
REQUEST		request_52	1664533817695	1664533817704	OK	 
REQUEST		request_52	1664533817700	1664533817707	OK	 
REQUEST		request_52	1664533817715	1664533817727	OK	 
REQUEST		request_54	1664533817708	1664533817728	OK	 
REQUEST		request_54	1664533817728	1664533817773	OK	 
REQUEST		request_54	1664533817706	1664533817773	OK	 
REQUEST		request_53	1664533817705	1664533818139	KO	status.find.in([200, 209], 304), found 500
REQUEST		request_53	1664533817708	1664533818139	KO	status.find.in([200, 209], 304), found 500
REQUEST		request_53	1664533817728	1664533818145	KO	status.find.in([200, 209], 304), found 500
REQUEST		request_55	1664533837142	1664533837150	OK	 
REQUEST		request_55	1664533837142	1664533837150	OK	 
REQUEST		request_55	1664533837146	1664533837157	OK	 
REQUEST		request_56	1664533837151	1664533837194	OK	 
REQUEST		request_57	1664533837152	1664533837201	OK	 
REQUEST		request_57	1664533837159	1664533837204	OK	 
REQUEST		request_56	1664533837151	1664533837210	OK	 
REQUEST		request_56	1664533837158	1664533837213	OK	 
REQUEST		request_57	1664533837152	1664533837215	OK	 
REQUEST		request_58	1664533842213	1664533842223	OK	 
REQUEST		request_58	1664533842216	1664533842223	OK	 
REQUEST		request_58	1664533842211	1664533842223	OK	 
REQUEST		request_59	1664533842224	1664533842267	OK	 
REQUEST		request_60	1664533842224	1664533842267	OK	 
REQUEST		request_60	1664533842224	1664533842269	OK	 
REQUEST		request_59	1664533842224	1664533842275	OK	 
REQUEST		request_60	1664533842224	1664533842284	OK	 
REQUEST		request_59	1664533842224	1664533842297	OK	 
REQUEST		request_61	1664533856268	1664533856276	OK	 
REQUEST		request_62	1664533856277	1664533856302	OK	 
REQUEST		request_61	1664533856286	1664533856302	OK	 
REQUEST		request_63	1664533856277	1664533856308	OK	 
REQUEST		request_61	1664533856298	1664533856313	OK	 
REQUEST		request_62	1664533856303	1664533856317	OK	 
REQUEST		request_62	1664533856313	1664533856331	OK	 
REQUEST		request_63	1664533856314	1664533856335	OK	 
REQUEST		request_63	1664533856303	1664533856340	OK	 
REQUEST		request_64	1664533860309	1664533860318	OK	 
REQUEST		request_66	1664533860319	1664533860342	OK	 
REQUEST		request_64	1664533860336	1664533860343	OK	 
REQUEST		request_64	1664533860342	1664533860354	OK	 
REQUEST		request_65	1664533860319	1664533860356	OK	 
REQUEST		request_66	1664533860344	1664533860464	OK	 
REQUEST		request_66	1664533860356	1664533860487	OK	 
USER	bookstoreSimulation	END	1664533860503
REQUEST		request_65	1664533860355	1664533860583	KO	status.find.in([200, 209], 304), found 500
USER	bookstoreSimulation	END	1664533860584
REQUEST		request_65	1664533860344	1664533860604	KO	status.find.in([200, 209], 304), found 500
USER	bookstoreSimulation	END	1664533860606
